1528930054603	geckodriver	INFO	geckodriver 0.20.1
1528930054609	geckodriver	INFO	Listening on 127.0.0.1:53067
1528930056408	mozrunner::runner	INFO	Running command: "C:\\Program Files (x86)\\Mozilla Firefox\\firefox.exe" "-marionette" "-profile" "C:\\Users\\FELIXM~1\\AppData\\Local\\Temp\\rust_mozprofile.SLEnK9PKP1v3"
1528930056515	addons.manager	DEBUG	Loaded provider scope for resource://gre/modules/addons/XPIProvider.jsm: ["XPIProvider", "XPIInternal"]
1528930056517	addons.manager	DEBUG	Loaded provider scope for resource://gre/modules/LightweightThemeManager.jsm: ["LightweightThemeManager"]
1528930056528	addons.manager	DEBUG	Loaded provider scope for resource://gre/modules/addons/GMPProvider.jsm
1528930056529	addons.manager	DEBUG	Loaded provider scope for resource://gre/modules/addons/PluginProvider.jsm
1528930056530	addons.manager	DEBUG	Starting provider: XPIProvider
1528930056530	addons.xpi	DEBUG	startup
1528930056531	addons.xpi	INFO	SystemAddonInstallLocation directory is missing
1528930056531	addons.xpi	DEBUG	checkForChanges
1528930056531	addons.xpi	DEBUG	Loaded add-on state: {"app-system-defaults":{"addons":{"activity-stream@mozilla.org":{"enabled":true,"lastModifiedTime":1528494430423,"path":"activity-stream@mozilla.org.xpi","version":"2018.04.20.1103-b3b95672","bootstrapped":true,"dependencies":[],"runInSafeMode":true,"hasEmbeddedWebExtension":false},"aushelper@mozilla.org":{"enabled":true,"lastModifiedTime":1528494430164,"path":"aushelper@mozilla.org.xpi","version":"2.0","bootstrapped":true,"dependencies":[],"runInSafeMode":true,"hasEmbeddedWebExtension":false},"firefox@getpocket.com":{"enabled":true,"lastModifiedTime":1528494430154,"path":"firefox@getpocket.com.xpi","version":"1.0.5","bootstrapped":true,"dependencies":[],"runInSafeMode":true,"hasEmbeddedWebExtension":false},"followonsearch@mozilla.com":{"enabled":true,"lastModifiedTime":1527898774670,"path":"followonsearch@mozilla.com.xpi","version":"0.9.6","bootstrapped":true,"dependencies":[],"runInSafeMode":true,"hasEmbeddedWebExtension":false},"formautofill@mozilla.org":{"enabled":true,"lastModifiedTime":1528494430133,"path":"formautofill@mozilla.org.xpi","version":"1.0","bootstrapped":true,"dependencies":[],"runInSafeMode":true,"hasEmbeddedWebExtension":false},"onboarding@mozilla.org":{"enabled":true,"lastModifiedTime":1528494430093,"path":"onboarding@mozilla.org.xpi","version":"1.0","bootstrapped":true,"dependencies":[],"runInSafeMode":true,"hasEmbeddedWebExtension":false},"screenshots@mozilla.org":{"enabled":true,"lastModifiedTime":1527898774593,"path":"screenshots@mozilla.org.xpi","version":"30.1.0","bootstrapped":true,"dependencies":[],"runInSafeMode":true,"hasEmbeddedWebExtension":false},"webcompat@mozilla.org":{"enabled":true,"lastModifiedTime":1528494430072,"path":"webcompat@mozilla.org.xpi","version":"1.1","bootstrapped":true,"dependencies":[],"runInSafeMode":true,"hasEmbeddedWebExtension":false}},"path":"C:\\Program Files (x86)\\Mozilla Firefox\\browser\\features"},"app-global":{"addons":{"{972ce4c6-7e08-4474-a285-3208198ce6fd}":{"enabled":true,"lastModifiedTime":1528494430433,"path":"{972ce4c6-7e08-4474-a285-3208198ce6fd}.xpi","version":"60.0.2","type":"theme","currentModifiedTime":1528494430433}},"path":"C:\\Program Files (x86)\\Mozilla Firefox\\browser\\extensions","checkStartupModifications":true}}
1528930056532	addons.xpi	INFO	Mapping activity-stream@mozilla.org to C:\Program Files (x86)\Mozilla Firefox\browser\features\activity-stream@mozilla.org.xpi
1528930056532	addons.xpi	INFO	Mapping aushelper@mozilla.org to C:\Program Files (x86)\Mozilla Firefox\browser\features\aushelper@mozilla.org.xpi
1528930056532	addons.xpi	INFO	Mapping firefox@getpocket.com to C:\Program Files (x86)\Mozilla Firefox\browser\features\firefox@getpocket.com.xpi
1528930056532	addons.xpi	INFO	Mapping followonsearch@mozilla.com to C:\Program Files (x86)\Mozilla Firefox\browser\features\followonsearch@mozilla.com.xpi
1528930056533	addons.xpi	INFO	Mapping formautofill@mozilla.org to C:\Program Files (x86)\Mozilla Firefox\browser\features\formautofill@mozilla.org.xpi
1528930056533	addons.xpi	INFO	Mapping onboarding@mozilla.org to C:\Program Files (x86)\Mozilla Firefox\browser\features\onboarding@mozilla.org.xpi
1528930056533	addons.xpi	INFO	Mapping screenshots@mozilla.org to C:\Program Files (x86)\Mozilla Firefox\browser\features\screenshots@mozilla.org.xpi
1528930056533	addons.xpi	INFO	Mapping webcompat@mozilla.org to C:\Program Files (x86)\Mozilla Firefox\browser\features\webcompat@mozilla.org.xpi
1528930056533	addons.xpi	INFO	Mapping {972ce4c6-7e08-4474-a285-3208198ce6fd} to C:\Program Files (x86)\Mozilla Firefox\browser\extensions\{972ce4c6-7e08-4474-a285-3208198ce6fd}.xpi
1528930056533	addons.xpi	DEBUG	getInstallState changed: false, state: {}
1528930056533	addons.xpi	INFO	SystemAddonInstallLocation directory is missing
1528930056534	addons.xpi	DEBUG	No changes found
1528930056539	addons.xpi	DEBUG	Registering manifest for C:\Program Files (x86)\Mozilla Firefox\browser\features\activity-stream@mozilla.org.xpi
1528930056539	addons.xpi	DEBUG	Loading bootstrap scope from C:\Program Files (x86)\Mozilla Firefox\browser\features\activity-stream@mozilla.org.xpi
1528930056541	addons.xpi	DEBUG	Calling bootstrap method startup on activity-stream@mozilla.org version 2018.04.20.1103-b3b95672
1528930056541	addons.xpi	DEBUG	Registering manifest for C:\Program Files (x86)\Mozilla Firefox\browser\features\aushelper@mozilla.org.xpi
1528930056542	addons.xpi	DEBUG	Loading bootstrap scope from C:\Program Files (x86)\Mozilla Firefox\browser\features\aushelper@mozilla.org.xpi
1528930056543	addons.xpi	DEBUG	Calling bootstrap method startup on aushelper@mozilla.org version 2.0
1528930056543	addons.xpi	DEBUG	Registering manifest for C:\Program Files (x86)\Mozilla Firefox\browser\features\firefox@getpocket.com.xpi
1528930056543	addons.xpi	DEBUG	Loading bootstrap scope from C:\Program Files (x86)\Mozilla Firefox\browser\features\firefox@getpocket.com.xpi
1528930056546	addons.xpi	DEBUG	Calling bootstrap method startup on firefox@getpocket.com version 1.0.5
1528930056551	addons.xpi	DEBUG	Registering manifest for C:\Program Files (x86)\Mozilla Firefox\browser\features\followonsearch@mozilla.com.xpi
1528930056551	addons.xpi	DEBUG	Loading bootstrap scope from C:\Program Files (x86)\Mozilla Firefox\browser\features\followonsearch@mozilla.com.xpi
1528930056553	addons.xpi	DEBUG	Calling bootstrap method startup on followonsearch@mozilla.com version 0.9.6
1528930056553	addons.xpi	DEBUG	Registering manifest for C:\Program Files (x86)\Mozilla Firefox\browser\features\formautofill@mozilla.org.xpi
1528930056553	addons.xpi	DEBUG	Loading bootstrap scope from C:\Program Files (x86)\Mozilla Firefox\browser\features\formautofill@mozilla.org.xpi
1528930056554	addons.xpi	DEBUG	Calling bootstrap method startup on formautofill@mozilla.org version 1.0
1528930056555	addons.xpi	DEBUG	Registering manifest for C:\Program Files (x86)\Mozilla Firefox\browser\features\onboarding@mozilla.org.xpi
1528930056555	addons.xpi	DEBUG	Loading bootstrap scope from C:\Program Files (x86)\Mozilla Firefox\browser\features\onboarding@mozilla.org.xpi
1528930056556	addons.xpi	DEBUG	Calling bootstrap method startup on onboarding@mozilla.org version 1.0
1528930056556	addons.xpi	DEBUG	Registering manifest for C:\Program Files (x86)\Mozilla Firefox\browser\features\screenshots@mozilla.org.xpi
1528930056557	addons.xpi	DEBUG	Loading bootstrap scope from C:\Program Files (x86)\Mozilla Firefox\browser\features\screenshots@mozilla.org.xpi
1528930056558	addons.xpi	DEBUG	Calling bootstrap method startup on screenshots@mozilla.org version 30.1.0
1528930056558	addons.xpi	DEBUG	Registering manifest for C:\Program Files (x86)\Mozilla Firefox\browser\features\webcompat@mozilla.org.xpi
1528930056558	addons.xpi	DEBUG	Loading bootstrap scope from C:\Program Files (x86)\Mozilla Firefox\browser\features\webcompat@mozilla.org.xpi
1528930056559	addons.xpi	DEBUG	Calling bootstrap method startup on webcompat@mozilla.org version 1.1
1528930056560	addons.manager	DEBUG	Registering shutdown blocker for XPIProvider
1528930056560	addons.manager	DEBUG	Provider finished startup: XPIProvider
1528930056561	addons.manager	DEBUG	Starting provider: LightweightThemeManager
1528930056561	addons.manager	DEBUG	Registering shutdown blocker for LightweightThemeManager
1528930056561	addons.manager	DEBUG	Provider finished startup: LightweightThemeManager
1528930056561	addons.manager	DEBUG	Starting provider: GMPProvider
1528930056567	addons.manager	DEBUG	Registering shutdown blocker for GMPProvider
1528930056567	addons.manager	DEBUG	Provider finished startup: GMPProvider
1528930056567	addons.manager	DEBUG	Starting provider: PluginProvider
1528930056567	addons.manager	DEBUG	Registering shutdown blocker for PluginProvider
1528930056567	addons.manager	DEBUG	Provider finished startup: PluginProvider
1528930056567	addons.manager	DEBUG	Completed startup sequence
Unable to read VR Path Registry from C:\Users\Felix Murrenhoff\AppData\Local\openvr\openvrpaths.vrpath
1528930056699	addons.manager	DEBUG	Starting provider: PreviousExperimentProvider
1528930056699	addons.manager	DEBUG	Registering shutdown blocker for PreviousExperimentProvider
1528930056699	addons.manager	DEBUG	Provider finished startup: PreviousExperimentProvider
Unable to read VR Path Registry from C:\Users\Felix Murrenhoff\AppData\Local\openvr\openvrpaths.vrpath
Unable to read VR Path Registry from C:\Users\Felix Murrenhoff\AppData\Local\openvr\openvrpaths.vrpath
1528930057050	addons.xpi-utils	DEBUG	Starting async load of XPI database C:\Users\Felix Murrenhoff\AppData\Local\Temp\rust_mozprofile.SLEnK9PKP1v3\extensions.json
1528930057080	addons.xpi	INFO	Mapping activity-stream@mozilla.org to C:\Program Files (x86)\Mozilla Firefox\browser\features\activity-stream@mozilla.org.xpi
1528930057081	addons.xpi	INFO	Mapping aushelper@mozilla.org to C:\Program Files (x86)\Mozilla Firefox\browser\features\aushelper@mozilla.org.xpi
1528930057081	addons.xpi	INFO	Mapping firefox@getpocket.com to C:\Program Files (x86)\Mozilla Firefox\browser\features\firefox@getpocket.com.xpi
1528930057081	addons.xpi	INFO	Mapping followonsearch@mozilla.com to C:\Program Files (x86)\Mozilla Firefox\browser\features\followonsearch@mozilla.com.xpi
1528930057081	addons.xpi	INFO	Mapping formautofill@mozilla.org to C:\Program Files (x86)\Mozilla Firefox\browser\features\formautofill@mozilla.org.xpi
1528930057081	addons.xpi	INFO	Mapping onboarding@mozilla.org to C:\Program Files (x86)\Mozilla Firefox\browser\features\onboarding@mozilla.org.xpi
1528930057081	addons.xpi	INFO	Mapping screenshots@mozilla.org to C:\Program Files (x86)\Mozilla Firefox\browser\features\screenshots@mozilla.org.xpi
1528930057081	addons.xpi	INFO	Mapping webcompat@mozilla.org to C:\Program Files (x86)\Mozilla Firefox\browser\features\webcompat@mozilla.org.xpi
1528930057081	addons.xpi	DEBUG	Existing add-on activity-stream@mozilla.org in app-system-defaults
1528930057082	addons.xpi	DEBUG	Existing add-on aushelper@mozilla.org in app-system-defaults
1528930057082	addons.xpi	DEBUG	Existing add-on firefox@getpocket.com in app-system-defaults
1528930057082	addons.xpi	DEBUG	Existing add-on followonsearch@mozilla.com in app-system-defaults
1528930057082	addons.xpi	DEBUG	Existing add-on formautofill@mozilla.org in app-system-defaults
1528930057082	addons.xpi	DEBUG	Existing add-on onboarding@mozilla.org in app-system-defaults
1528930057083	addons.xpi	DEBUG	Existing add-on screenshots@mozilla.org in app-system-defaults
1528930057083	addons.xpi	DEBUG	Existing add-on webcompat@mozilla.org in app-system-defaults
1528930057083	addons.xpi	INFO	Mapping {972ce4c6-7e08-4474-a285-3208198ce6fd} to C:\Program Files (x86)\Mozilla Firefox\browser\extensions\{972ce4c6-7e08-4474-a285-3208198ce6fd}.xpi
1528930057083	addons.xpi	DEBUG	Existing add-on {972ce4c6-7e08-4474-a285-3208198ce6fd} in app-global
1528930057083	addons.xpi	DEBUG	getInstallState changed: false, state: {}
1528930057184	addons.xpi-utils	DEBUG	Async JSON file read took 0 MS
1528930057184	addons.xpi-utils	DEBUG	Finished async read of XPI database, parsing...
1528930057186	addons.xpi-utils	DEBUG	Successfully read XPI database
1528930057319	Marionette	INFO	Listening on port 53072
*** Blocklist::_preloadBlocklistFile: blocklist is disabled
1528930057412	Marionette	WARN	TLS certificate errors will be ignored for this session
1528930057419	Marionette	INFO	Proxy settings initialised: {"proxyType":"manual","ftpProxy":"94.177.224.181:8080","httpProxy":"94.177.224.181:8080","sslProxy":"94.177.224.181:8080"}
Unable to read VR Path Registry from C:\Users\Felix Murrenhoff\AppData\Local\openvr\openvrpaths.vrpath
Unable to read VR Path Registry from C:\Users\Felix Murrenhoff\AppData\Local\openvr\openvrpaths.vrpath
JavaScript warning: https://www.googletagmanager.com/gtm.js?id=GTM-N8V82XM&l=dataLayer, line 1: unreachable code after return statement
JavaScript warning: https://www.googletagmanager.com/gtm.js?id=GTM-N8V82XM&l=dataLayer, line 1: unreachable code after return statement
1528930077526	addons.xpi	DEBUG	Calling bootstrap method shutdown on webcompat@mozilla.org version 1.1
1528930077527	addons.xpi	DEBUG	Calling bootstrap method shutdown on screenshots@mozilla.org version 30.1.0
1528930077530	addons.xpi	DEBUG	Calling bootstrap method shutdown on onboarding@mozilla.org version 1.0
1528930077531	addons.xpi	DEBUG	Calling bootstrap method shutdown on formautofill@mozilla.org version 1.0
1528930077531	addons.xpi	DEBUG	Calling bootstrap method shutdown on followonsearch@mozilla.com version 0.9.6
1528930077532	addons.xpi	DEBUG	Calling bootstrap method shutdown on firefox@getpocket.com version 1.0.5
1528930077533	addons.xpi	DEBUG	Calling bootstrap method shutdown on aushelper@mozilla.org version 2.0
1528930077533	addons.xpi	DEBUG	Calling bootstrap method shutdown on activity-stream@mozilla.org version 2018.04.20.1103-b3b95672
1528930077535	addons.xpi	WARN	Exception running bootstrap method shutdown on activity-stream@mozilla.org: [Exception... "Component returned failure code: 0x80004005 (NS_ERROR_FAILURE) [nsIObserverService.removeObserver]"  nsresult: "0x80004005 (NS_ERROR_FAILURE)"  location: "JS frame :: resource://activity-stream/lib/SnippetsFeed.jsm :: uninit :: line 185"  data: no] Stack trace: uninit()@resource://activity-stream/lib/SnippetsFeed.jsm:185
onAction()@resource://activity-stream/lib/SnippetsFeed.jsm:201
_middleware/</<()@resource://activity-stream/lib/Store.jsm:49
Store/this[method]()@resource://activity-stream/lib/Store.jsm:28
uninit()@resource://activity-stream/lib/Store.jsm:151
uninit()@resource://activity-stream/lib/ActivityStream.jsm:300
uninit()@resource://gre/modules/addons/XPIProvider.jsm -> jar:file:///C:/Program%20Files%20(x86)/Mozilla%20Firefox/browser/features/activity-stream@mozilla.org.xpi!/bootstrap.js:73
shutdown()@resource://gre/modules/addons/XPIProvider.jsm -> jar:file:///C:/Program%20Files%20(x86)/Mozilla%20Firefox/browser/features/activity-stream@mozilla.org.xpi!/bootstrap.js:169
callBootstrapMethod()@resource://gre/modules/addons/XPIProvider.jsm:4436
observe()@resource://gre/modules/addons/XPIProvider.jsm:2287
[Parent 16588, Gecko_IOThread] WARNING: pipe error: 109: file z:/build/build/src/ipc/chromium/src/chrome/common/ipc_channel_win.cc, line 346
[Child 17424, Chrome_ChildThread] WARNING: pipe error: 109: file z:/build/build/src/ipc/chromium/src/chrome/common/ipc_channel_win.cc, line 346
[Child 24680, Chrome_ChildThread] WARNING: pipe error: 109: file z:/build/build/src/ipc/chromium/src/chrome/common/ipc_channel_win.cc, line 346
[Child 24680, Chrome[Parent 16588, Gecko_IOThread] WARNING: pipe error: 109: file z:/build/build/src/ipc/chromium/src/chrome/common/ipc_channel_win.cc, line 346
1528930077561	addons.manager	DEBUG	shutdown
1528930077562	addons.manager	DEBUG	Calling shutdown blocker for XPIProvider
1528930077562	addons.xpi	DEBUG	shutdown
1528930077562	addons.xpi-utils	DEBUG	shutdown
1528930077562	addons.manager	DEBUG	Calling shutdown blocker for LightweightThemeManager
1528930077562	addons.manager	DEBUG	Calling shutdown blocker for GMPProvider
1528930077562	addons.manager	DEBUG	Calling shutdown blocker for PluginProvider
1528930077562	addons.manager	DEBUG	Calling shutdown blocker for PreviousExperimentProvider
1528930077565	addons.manager	DEBUG	Async provider shutdown done
*** UTM:SVC TimerManager:registerTimer called after profile-before-change notification. Ignoring timer registration for id: telemetry_modules_ping
[GPU 6380, Chrome_ChildT
###!!! [Child][MessageChannel::SendAndWait] Error: Channel error: cannot send/recv

